
> temp-portfolio@0.1.0 dev
> next dev

▲ Next.js 16.2.6 (Turbopack)
- Local:         http://localhost:3000
- Network:       http://192.168.0.2:3000
✓ Ready in 1333ms

○ Compiling / ...
⨯ Error: Invalid src prop (https://images.unsplash.com/photo-1633332755192-727a05c4013d?auto=format&fit=crop&q=80&w=1160) on `next/image`, hostname "images.unsplash.com" is not configured under images in your `next.config.js`
See more info: https://nextjs.org/docs/messages/next-image-unconfigured-host
    at ignore-listed frames {
  digest: '2554693887@E231'
}
 GET / 500 in 9.6s (next.js: 8.7s, application-code: 878ms)
[browser] Uncaught Error: Invalid src prop (https://images.unsplash.com/photo-1633332755192-727a05c4013d?auto=format&fit=crop&q=80&w=1160) on `next/image`, hostname "images.unsplash.com" is not configured under images in your `next.config.js`
See more info: https://nextjs.org/docs/messages/next-image-unconfigured-host
    at Array.map (<anonymous>)
    at Home (src/app/page.tsx:650:19)
  648 |               <div className="sm:flex sm:justify-between sm:gap-4 lg:gap-6">
  649 |                 <div className="sm:order-last sm:shrink-0">
> 650 |                   <Image width={64} height={64} alt="Blog" src="https://images.unsplash.c...
      |                   ^
  651 |                 </div>
  652 |
  653 |                 <div className="mt-4 sm:mt-0">
